<?xml version="1.0" encoding="UTF-8"?>
<testsuite name="com.coveros.hello_world_tests.EvenNumberGeneratorTest" tests="1" skipped="0" failures="0" errors="0" timestamp="2017-10-20T16:32:13" hostname="CoverosSpare" time="0.003">
  <properties/>
  <testcase name="testRandomEvenNumberGenerator" classname="com.coveros.hello_world_tests.EvenNumberGeneratorTest" time="0.003"/>
  <system-out><![CDATA[]]></system-out>
  <system-err><![CDATA[]]></system-err>
</testsuite>
